<?xml version="1.0" encoding="UTF-8"?>
<!-- Generated by org.testng.reporters.JUnitReportReporter -->
<testsuite hostname="DESKTOP-SUTN4C1" failures="0" tests="1" name="MyFrameWork.TestBase" time="21.370" errors="0" timestamp="25 Nov 2019 14:27:59 GMT" skipped="0">
  <testcase classname="MyFrameWork.TestBase" name="fnNavigatetoURL" time="21.370"/>
</testsuite> <!-- MyFrameWork.TestBase -->
