<?xml version="1.0" encoding="UTF-8"?>
<!-- Generated by org.testng.reporters.JUnitReportReporter -->
<testsuite hostname="DESKTOP-SUTN4C1" name="MyFrameWork.Libertytax" tests="7" failures="0" timestamp="26 Aug 2020 05:41:38 GMT" time="54.386" errors="0">
  <testcase name="fnSubmitDisclosure" time="12.857" classname="MyFrameWork.Libertytax"/>
  <testcase name="fnCreateTaxPayerInformation" time="0.858" classname="MyFrameWork.Libertytax"/>
  <testcase name="fnCreateTaxPayerAddress" time="2.975" classname="MyFrameWork.Libertytax"/>
  <testcase name="fnCreateLiveReturnForSSN" time="7.789" classname="MyFrameWork.Libertytax"/>
  <testcase name="fnLogin" time="17.361" classname="MyFrameWork.Libertytax"/>
  <testcase name="fnFormSave" time="3.956" classname="MyFrameWork.Libertytax"/>
  <testcase name="fnSubmitIncomeOption" time="8.590" classname="MyFrameWork.Libertytax"/>
</testsuite> <!-- MyFrameWork.Libertytax -->
